app/build/intermediates/manifest_merge_blame_file/debug/processDebugMainManifest/manifest-merger-blame-debug-report.txt
1<?xml version="1.0" encoding="utf-8"?>
2<manifest xmlns:android="http://schemas.android.com/apk/res/android"
3    package="vn.tlu.cse.ht2.nhom16.moneymanagementapp"
4    android:versionCode="1"
5    android:versionName="1.0" >
6
7    <uses-sdk
8        android:minSdkVersion="29"
9        android:targetSdkVersion="35" />
10
11    <!-- Quyền truy cập internet là bắt buộc cho Firebase -->
12    <uses-permission android:name="android.permission.INTERNET" />
12-->src\main\AndroidManifest.xml:6:5-67
12-->src\main\AndroidManifest.xml:6:22-64
13
14    <!-- Quyền hiển thị thông báo (Bắt buộc cho Android 13+) -->
15    <uses-permission android:name="android.permission.POST_NOTIFICATIONS" />
15-->src\main\AndroidManifest.xml:9:5-76
15-->src\main\AndroidManifest.xml:9:22-74
16
17    <!-- Quyền khởi chạy lại các tác vụ nền sau khi reboot -->
18    <uses-permission android:name="android.permission.RECEIVE_BOOT_COMPLETED" />
18-->src\main\AndroidManifest.xml:12:5-81
18-->src\main\AndroidManifest.xml:12:22-78
19    <uses-permission android:name="android.permission.ACCESS_NETWORK_STATE" />
19-->[com.google.firebase:firebase-auth:23.2.1] AndroidManifest.xml:26:5-79
19-->[com.google.firebase:firebase-auth:23.2.1] AndroidManifest.xml:26:22-76
20    <uses-permission android:name="android.permission.WAKE_LOCK" />
20-->[com.google.android.gms:play-services-measurement:22.4.0] AndroidManifest.xml:25:5-68
20-->[com.google.android.gms:play-services-measurement:22.4.0] AndroidManifest.xml:25:22-65
21    <uses-permission android:name="com.google.android.finsky.permission.BIND_GET_INSTALL_REFERRER_SERVICE" />
21-->[com.google.android.gms:play-services-measurement:22.4.0] AndroidManifest.xml:26:5-110
21-->[com.google.android.gms:play-services-measurement:22.4.0] AndroidManifest.xml:26:22-107
22    <uses-permission android:name="com.google.android.gms.permission.AD_ID" />
22-->[com.google.android.gms:play-services-measurement-impl:22.4.0] AndroidManifest.xml:27:5-79
22-->[com.google.android.gms:play-services-measurement-impl:22.4.0] AndroidManifest.xml:27:22-76
23    <uses-permission android:name="android.permission.ACCESS_ADSERVICES_ATTRIBUTION" />
23-->[com.google.android.gms:play-services-measurement-api:22.4.0] AndroidManifest.xml:26:5-88
23-->[com.google.android.gms:play-services-measurement-api:22.4.0] AndroidManifest.xml:26:22-85
24    <uses-permission android:name="android.permission.ACCESS_ADSERVICES_AD_ID" />
24-->[com.google.android.gms:play-services-measurement-api:22.4.0] AndroidManifest.xml:27:5-82
24-->[com.google.android.gms:play-services-measurement-api:22.4.0] AndroidManifest.xml:27:22-79
25    <uses-permission android:name="com.google.android.providers.gsf.permission.READ_GSERVICES" />
25-->[com.google.android.recaptcha:recaptcha:18.6.1] AndroidManifest.xml:9:5-98
25-->[com.google.android.recaptcha:recaptcha:18.6.1] AndroidManifest.xml:9:22-95
26    <uses-permission android:name="android.permission.FOREGROUND_SERVICE" />
26-->[androidx.work:work-runtime:2.9.0] AndroidManifest.xml:26:5-77
26-->[androidx.work:work-runtime:2.9.0] AndroidManifest.xml:26:22-74
27
28    <permission
28-->[androidx.core:core:1.13.0] AndroidManifest.xml:22:5-24:47
29        android:name="vn.tlu.cse.ht2.nhom16.moneymanagementapp.DYNAMIC_RECEIVER_NOT_EXPORTED_PERMISSION"
29-->[androidx.core:core:1.13.0] AndroidManifest.xml:23:9-81
30        android:protectionLevel="signature" />
30-->[androidx.core:core:1.13.0] AndroidManifest.xml:24:9-44
31
32    <uses-permission android:name="vn.tlu.cse.ht2.nhom16.moneymanagementapp.DYNAMIC_RECEIVER_NOT_EXPORTED_PERMISSION" />
32-->[androidx.core:core:1.13.0] AndroidManifest.xml:26:5-97
32-->[androidx.core:core:1.13.0] AndroidManifest.xml:26:22-94
33
34    <application
34-->src\main\AndroidManifest.xml:14:5-46:19
35        android:name="vn.tlu.cse.ht2.nhom16.moneymanagementapp.MyApplication"
35-->src\main\AndroidManifest.xml:15:9-38
36        android:allowBackup="true"
36-->src\main\AndroidManifest.xml:16:9-35
37        android:appComponentFactory="androidx.core.app.CoreComponentFactory"
37-->[androidx.core:core:1.13.0] AndroidManifest.xml:28:18-86
38        android:dataExtractionRules="@xml/data_extraction_rules"
38-->src\main\AndroidManifest.xml:17:9-65
39        android:debuggable="true"
40        android:extractNativeLibs="false"
41        android:fullBackupContent="@xml/backup_rules"
41-->src\main\AndroidManifest.xml:18:9-54
42        android:icon="@mipmap/ic_launcher"
42-->src\main\AndroidManifest.xml:19:9-43
43        android:label="@string/app_name"
43-->src\main\AndroidManifest.xml:20:9-41
44        android:roundIcon="@mipmap/ic_launcher_round"
44-->src\main\AndroidManifest.xml:21:9-54
45        android:supportsRtl="true"
45-->src\main\AndroidManifest.xml:22:9-35
46        android:testOnly="true"
47        android:theme="@style/Theme.MoneyManagement" >
47-->src\main\AndroidManifest.xml:23:9-53
48
49        <!-- LoginActivity là điểm khởi đầu của ứng dụng -->
50        <activity
50-->src\main\AndroidManifest.xml:27:9-34:20
51            android:name="vn.tlu.cse.ht2.nhom16.moneymanagementapp.activities.LoginActivity"
51-->src\main\AndroidManifest.xml:28:13-53
52            android:exported="true" >
52-->src\main\AndroidManifest.xml:29:13-36
53            <intent-filter>
53-->src\main\AndroidManifest.xml:30:13-33:29
54                <action android:name="android.intent.action.MAIN" />
54-->src\main\AndroidManifest.xml:31:17-69
54-->src\main\AndroidManifest.xml:31:25-66
55
56                <category android:name="android.intent.category.LAUNCHER" />
56-->src\main\AndroidManifest.xml:32:17-77
56-->src\main\AndroidManifest.xml:32:27-74
57            </intent-filter>
58        </activity>
59
60        <!-- RegisterActivity mới -->
61        <activity
61-->src\main\AndroidManifest.xml:37:9-39:40
62            android:name="vn.tlu.cse.ht2.nhom16.moneymanagementapp.activities.RegisterActivity"
62-->src\main\AndroidManifest.xml:38:13-56
63            android:exported="false" />
63-->src\main\AndroidManifest.xml:39:13-37
64
65        <!-- MainActivity sẽ chứa Bottom Navigation và các Fragment -->
66        <activity
66-->src\main\AndroidManifest.xml:42:9-44:40
67            android:name="vn.tlu.cse.ht2.nhom16.moneymanagementapp.activities.MainActivity"
67-->src\main\AndroidManifest.xml:43:13-52
68            android:exported="false" />
68-->src\main\AndroidManifest.xml:44:13-37
69        <activity
69-->[com.google.firebase:firebase-auth:23.2.1] AndroidManifest.xml:29:9-46:20
70            android:name="com.google.firebase.auth.internal.GenericIdpActivity"
70-->[com.google.firebase:firebase-auth:23.2.1] AndroidManifest.xml:30:13-80
71            android:excludeFromRecents="true"
71-->[com.google.firebase:firebase-auth:23.2.1] AndroidManifest.xml:31:13-46
72            android:exported="true"
72-->[com.google.firebase:firebase-auth:23.2.1] AndroidManifest.xml:32:13-36
73            android:launchMode="singleTask"
73-->[com.google.firebase:firebase-auth:23.2.1] AndroidManifest.xml:33:13-44
74            android:theme="@android:style/Theme.Translucent.NoTitleBar" >
74-->[com.google.firebase:firebase-auth:23.2.1] AndroidManifest.xml:34:13-72
75            <intent-filter>
75-->[com.google.firebase:firebase-auth:23.2.1] AndroidManifest.xml:35:13-45:29
76                <action android:name="android.intent.action.VIEW" />
76-->[com.google.firebase:firebase-auth:23.2.1] AndroidManifest.xml:36:17-69
76-->[com.google.firebase:firebase-auth:23.2.1] AndroidManifest.xml:36:25-66
77
78                <category android:name="android.intent.category.DEFAULT" />
78-->[com.google.firebase:firebase-auth:23.2.1] AndroidManifest.xml:38:17-76
78-->[com.google.firebase:firebase-auth:23.2.1] AndroidManifest.xml:38:27-73
79                <category android:name="android.intent.category.BROWSABLE" />
79-->[com.google.firebase:firebase-auth:23.2.1] AndroidManifest.xml:39:17-78
79-->[com.google.firebase:firebase-auth:23.2.1] AndroidManifest.xml:39:27-75
80
81                <data
81-->[com.google.firebase:firebase-auth:23.2.1] AndroidManifest.xml:41:17-44:51
82                    android:host="firebase.auth"
82-->[com.google.firebase:firebase-auth:23.2.1] AndroidManifest.xml:42:21-49
83                    android:path="/"
83-->[com.google.firebase:firebase-auth:23.2.1] AndroidManifest.xml:43:21-37
84                    android:scheme="genericidp" />
84-->[com.google.firebase:firebase-auth:23.2.1] AndroidManifest.xml:44:21-48
85            </intent-filter>
86        </activity>
87        <activity
87-->[com.google.firebase:firebase-auth:23.2.1] AndroidManifest.xml:47:9-64:20
88            android:name="com.google.firebase.auth.internal.RecaptchaActivity"
88-->[com.google.firebase:firebase-auth:23.2.1] AndroidManifest.xml:48:13-79
89            android:excludeFromRecents="true"
89-->[com.google.firebase:firebase-auth:23.2.1] AndroidManifest.xml:49:13-46
90            android:exported="true"
90-->[com.google.firebase:firebase-auth:23.2.1] AndroidManifest.xml:50:13-36
91            android:launchMode="singleTask"
91-->[com.google.firebase:firebase-auth:23.2.1] AndroidManifest.xml:51:13-44
92            android:theme="@android:style/Theme.Translucent.NoTitleBar" >
92-->[com.google.firebase:firebase-auth:23.2.1] AndroidManifest.xml:52:13-72
93            <intent-filter>
93-->[com.google.firebase:firebase-auth:23.2.1] AndroidManifest.xml:53:13-63:29
94                <action android:name="android.intent.action.VIEW" />
94-->[com.google.firebase:firebase-auth:23.2.1] AndroidManifest.xml:36:17-69
94-->[com.google.firebase:firebase-auth:23.2.1] AndroidManifest.xml:36:25-66
95
96                <category android:name="android.intent.category.DEFAULT" />
96-->[com.google.firebase:firebase-auth:23.2.1] AndroidManifest.xml:38:17-76
96-->[com.google.firebase:firebase-auth:23.2.1] AndroidManifest.xml:38:27-73
97                <category android:name="android.intent.category.BROWSABLE" />
97-->[com.google.firebase:firebase-auth:23.2.1] AndroidManifest.xml:39:17-78
97-->[com.google.firebase:firebase-auth:23.2.1] AndroidManifest.xml:39:27-75
98
99                <data
99-->[com.google.firebase:firebase-auth:23.2.1] AndroidManifest.xml:41:17-44:51
100                    android:host="firebase.auth"
100-->[com.google.firebase:firebase-auth:23.2.1] AndroidManifest.xml:42:21-49
101                    android:path="/"
101-->[com.google.firebase:firebase-auth:23.2.1] AndroidManifest.xml:43:21-37
102                    android:scheme="recaptcha" />
102-->[com.google.firebase:firebase-auth:23.2.1] AndroidManifest.xml:44:21-48
103            </intent-filter>
104        </activity>
105
106        <service
106-->[com.google.firebase:firebase-auth:23.2.1] AndroidManifest.xml:66:9-72:19
107            android:name="com.google.firebase.components.ComponentDiscoveryService"
107-->[com.google.firebase:firebase-auth:23.2.1] AndroidManifest.xml:67:13-84
108            android:directBootAware="true"
108-->[com.google.firebase:firebase-common:21.0.0] AndroidManifest.xml:32:13-43
109            android:exported="false" >
109-->[com.google.firebase:firebase-auth:23.2.1] AndroidManifest.xml:68:13-37
110            <meta-data
110-->[com.google.firebase:firebase-auth:23.2.1] AndroidManifest.xml:69:13-71:85
111                android:name="com.google.firebase.components:com.google.firebase.auth.FirebaseAuthRegistrar"
111-->[com.google.firebase:firebase-auth:23.2.1] AndroidManifest.xml:70:17-109
112                android:value="com.google.firebase.components.ComponentRegistrar" />
112-->[com.google.firebase:firebase-auth:23.2.1] AndroidManifest.xml:71:17-82
113            <meta-data
113-->[com.google.firebase:firebase-firestore:25.1.4] AndroidManifest.xml:17:13-19:85
114                android:name="com.google.firebase.components:com.google.firebase.firestore.FirebaseFirestoreKtxRegistrar"
114-->[com.google.firebase:firebase-firestore:25.1.4] AndroidManifest.xml:18:17-122
115                android:value="com.google.firebase.components.ComponentRegistrar" />
115-->[com.google.firebase:firebase-firestore:25.1.4] AndroidManifest.xml:19:17-82
116            <meta-data
116-->[com.google.firebase:firebase-firestore:25.1.4] AndroidManifest.xml:20:13-22:85
117                android:name="com.google.firebase.components:com.google.firebase.firestore.FirestoreRegistrar"
117-->[com.google.firebase:firebase-firestore:25.1.4] AndroidManifest.xml:21:17-111
118                android:value="com.google.firebase.components.ComponentRegistrar" />
118-->[com.google.firebase:firebase-firestore:25.1.4] AndroidManifest.xml:22:17-82
119            <meta-data
119-->[com.google.android.gms:play-services-measurement-api:22.4.0] AndroidManifest.xml:33:13-35:85
120                android:name="com.google.firebase.components:com.google.firebase.analytics.connector.internal.AnalyticsConnectorRegistrar"
120-->[com.google.android.gms:play-services-measurement-api:22.4.0] AndroidManifest.xml:34:17-139
121                android:value="com.google.firebase.components.ComponentRegistrar" />
121-->[com.google.android.gms:play-services-measurement-api:22.4.0] AndroidManifest.xml:35:17-82
122            <meta-data
122-->[com.google.firebase:firebase-installations:18.0.0] AndroidManifest.xml:15:13-17:85
123                android:name="com.google.firebase.components:com.google.firebase.installations.FirebaseInstallationsKtxRegistrar"
123-->[com.google.firebase:firebase-installations:18.0.0] AndroidManifest.xml:16:17-130
124                android:value="com.google.firebase.components.ComponentRegistrar" />
124-->[com.google.firebase:firebase-installations:18.0.0] AndroidManifest.xml:17:17-82
125            <meta-data
125-->[com.google.firebase:firebase-installations:18.0.0] AndroidManifest.xml:18:13-20:85
126                android:name="com.google.firebase.components:com.google.firebase.installations.FirebaseInstallationsRegistrar"
126-->[com.google.firebase:firebase-installations:18.0.0] AndroidManifest.xml:19:17-127
127                android:value="com.google.firebase.components.ComponentRegistrar" />
127-->[com.google.firebase:firebase-installations:18.0.0] AndroidManifest.xml:20:17-82
128            <meta-data
128-->[com.google.firebase:firebase-common-ktx:21.0.0] AndroidManifest.xml:12:13-14:85
129                android:name="com.google.firebase.components:com.google.firebase.ktx.FirebaseCommonLegacyRegistrar"
129-->[com.google.firebase:firebase-common-ktx:21.0.0] AndroidManifest.xml:13:17-116
130                android:value="com.google.firebase.components.ComponentRegistrar" />
130-->[com.google.firebase:firebase-common-ktx:21.0.0] AndroidManifest.xml:14:17-82
131            <meta-data
131-->[com.google.firebase:firebase-common:21.0.0] AndroidManifest.xml:35:13-37:85
132                android:name="com.google.firebase.components:com.google.firebase.FirebaseCommonKtxRegistrar"
132-->[com.google.firebase:firebase-common:21.0.0] AndroidManifest.xml:36:17-109
133                android:value="com.google.firebase.components.ComponentRegistrar" />
133-->[com.google.firebase:firebase-common:21.0.0] AndroidManifest.xml:37:17-82
134        </service>
135        <service
135-->[androidx.credentials:credentials-play-services-auth:1.2.0-rc01] AndroidManifest.xml:24:9-32:19
136            android:name="androidx.credentials.playservices.CredentialProviderMetadataHolder"
136-->[androidx.credentials:credentials-play-services-auth:1.2.0-rc01] AndroidManifest.xml:25:13-94
137            android:enabled="true"
137-->[androidx.credentials:credentials-play-services-auth:1.2.0-rc01] AndroidManifest.xml:26:13-35
138            android:exported="false" >
138-->[androidx.credentials:credentials-play-services-auth:1.2.0-rc01] AndroidManifest.xml:27:13-37
139            <meta-data
139-->[androidx.credentials:credentials-play-services-auth:1.2.0-rc01] AndroidManifest.xml:29:13-31:104
140                android:name="androidx.credentials.CREDENTIAL_PROVIDER_KEY"
140-->[androidx.credentials:credentials-play-services-auth:1.2.0-rc01] AndroidManifest.xml:30:17-76
141                android:value="androidx.credentials.playservices.CredentialProviderPlayServicesImpl" />
141-->[androidx.credentials:credentials-play-services-auth:1.2.0-rc01] AndroidManifest.xml:31:17-101
142        </service>
143
144        <activity
144-->[androidx.credentials:credentials-play-services-auth:1.2.0-rc01] AndroidManifest.xml:34:9-41:20
145            android:name="androidx.credentials.playservices.HiddenActivity"
145-->[androidx.credentials:credentials-play-services-auth:1.2.0-rc01] AndroidManifest.xml:35:13-76
146            android:configChanges="orientation|screenSize|screenLayout|keyboardHidden"
146-->[androidx.credentials:credentials-play-services-auth:1.2.0-rc01] AndroidManifest.xml:36:13-87
147            android:enabled="true"
147-->[androidx.credentials:credentials-play-services-auth:1.2.0-rc01] AndroidManifest.xml:37:13-35
148            android:exported="false"
148-->[androidx.credentials:credentials-play-services-auth:1.2.0-rc01] AndroidManifest.xml:38:13-37
149            android:fitsSystemWindows="true"
149-->[androidx.credentials:credentials-play-services-auth:1.2.0-rc01] AndroidManifest.xml:39:13-45
150            android:theme="@style/Theme.Hidden" >
150-->[androidx.credentials:credentials-play-services-auth:1.2.0-rc01] AndroidManifest.xml:40:13-48
151        </activity>
152        <activity
152-->[com.google.android.gms:play-services-auth:21.3.0] AndroidManifest.xml:23:9-27:75
153            android:name="com.google.android.gms.auth.api.signin.internal.SignInHubActivity"
153-->[com.google.android.gms:play-services-auth:21.3.0] AndroidManifest.xml:24:13-93
154            android:excludeFromRecents="true"
154-->[com.google.android.gms:play-services-auth:21.3.0] AndroidManifest.xml:25:13-46
155            android:exported="false"
155-->[com.google.android.gms:play-services-auth:21.3.0] AndroidManifest.xml:26:13-37
156            android:theme="@android:style/Theme.Translucent.NoTitleBar" />
156-->[com.google.android.gms:play-services-auth:21.3.0] AndroidManifest.xml:27:13-72
157        <!--
158            Service handling Google Sign-In user revocation. For apps that do not integrate with
159            Google Sign-In, this service will never be started.
160        -->
161        <service
161-->[com.google.android.gms:play-services-auth:21.3.0] AndroidManifest.xml:33:9-37:51
162            android:name="com.google.android.gms.auth.api.signin.RevocationBoundService"
162-->[com.google.android.gms:play-services-auth:21.3.0] AndroidManifest.xml:34:13-89
163            android:exported="true"
163-->[com.google.android.gms:play-services-auth:21.3.0] AndroidManifest.xml:35:13-36
164            android:permission="com.google.android.gms.auth.api.signin.permission.REVOCATION_NOTIFICATION"
164-->[com.google.android.gms:play-services-auth:21.3.0] AndroidManifest.xml:36:13-107
165            android:visibleToInstantApps="true" />
165-->[com.google.android.gms:play-services-auth:21.3.0] AndroidManifest.xml:37:13-48
166
167        <receiver
167-->[com.google.android.gms:play-services-measurement:22.4.0] AndroidManifest.xml:29:9-33:20
168            android:name="com.google.android.gms.measurement.AppMeasurementReceiver"
168-->[com.google.android.gms:play-services-measurement:22.4.0] AndroidManifest.xml:30:13-85
169            android:enabled="true"
169-->[com.google.android.gms:play-services-measurement:22.4.0] AndroidManifest.xml:31:13-35
170            android:exported="false" >
170-->[com.google.android.gms:play-services-measurement:22.4.0] AndroidManifest.xml:32:13-37
171        </receiver>
172
173        <service
173-->[com.google.android.gms:play-services-measurement:22.4.0] AndroidManifest.xml:35:9-38:40
174            android:name="com.google.android.gms.measurement.AppMeasurementService"
174-->[com.google.android.gms:play-services-measurement:22.4.0] AndroidManifest.xml:36:13-84
175            android:enabled="true"
175-->[com.google.android.gms:play-services-measurement:22.4.0] AndroidManifest.xml:37:13-35
176            android:exported="false" />
176-->[com.google.android.gms:play-services-measurement:22.4.0] AndroidManifest.xml:38:13-37
177        <service
177-->[com.google.android.gms:play-services-measurement:22.4.0] AndroidManifest.xml:39:9-43:72
178            android:name="com.google.android.gms.measurement.AppMeasurementJobService"
178-->[com.google.android.gms:play-services-measurement:22.4.0] AndroidManifest.xml:40:13-87
179            android:enabled="true"
179-->[com.google.android.gms:play-services-measurement:22.4.0] AndroidManifest.xml:41:13-35
180            android:exported="false"
180-->[com.google.android.gms:play-services-measurement:22.4.0] AndroidManifest.xml:42:13-37
181            android:permission="android.permission.BIND_JOB_SERVICE" />
181-->[com.google.android.gms:play-services-measurement:22.4.0] AndroidManifest.xml:43:13-69
182
183        <activity
183-->[com.google.android.gms:play-services-base:18.5.0] AndroidManifest.xml:5:9-173
184            android:name="com.google.android.gms.common.api.GoogleApiActivity"
184-->[com.google.android.gms:play-services-base:18.5.0] AndroidManifest.xml:5:19-85
185            android:exported="false"
185-->[com.google.android.gms:play-services-base:18.5.0] AndroidManifest.xml:5:146-170
186            android:theme="@android:style/Theme.Translucent.NoTitleBar" />
186-->[com.google.android.gms:play-services-base:18.5.0] AndroidManifest.xml:5:86-145
187
188        <provider
188-->[com.google.firebase:firebase-common:21.0.0] AndroidManifest.xml:23:9-28:39
189            android:name="com.google.firebase.provider.FirebaseInitProvider"
189-->[com.google.firebase:firebase-common:21.0.0] AndroidManifest.xml:24:13-77
190            android:authorities="vn.tlu.cse.ht2.nhom16.moneymanagementapp.firebaseinitprovider"
190-->[com.google.firebase:firebase-common:21.0.0] AndroidManifest.xml:25:13-72
191            android:directBootAware="true"
191-->[com.google.firebase:firebase-common:21.0.0] AndroidManifest.xml:26:13-43
192            android:exported="false"
192-->[com.google.firebase:firebase-common:21.0.0] AndroidManifest.xml:27:13-37
193            android:initOrder="100" />
193-->[com.google.firebase:firebase-common:21.0.0] AndroidManifest.xml:28:13-36
194        <provider
194-->[androidx.work:work-runtime:2.9.0] AndroidManifest.xml:29:9-37:20
195            android:name="androidx.startup.InitializationProvider"
195-->[androidx.work:work-runtime:2.9.0] AndroidManifest.xml:30:13-67
196            android:authorities="vn.tlu.cse.ht2.nhom16.moneymanagementapp.androidx-startup"
196-->[androidx.work:work-runtime:2.9.0] AndroidManifest.xml:31:13-68
197            android:exported="false" >
197-->[androidx.work:work-runtime:2.9.0] AndroidManifest.xml:32:13-37
198            <meta-data
198-->[androidx.work:work-runtime:2.9.0] AndroidManifest.xml:34:13-36:52
199                android:name="androidx.work.WorkManagerInitializer"
199-->[androidx.work:work-runtime:2.9.0] AndroidManifest.xml:35:17-68
200                android:value="androidx.startup" />
200-->[androidx.work:work-runtime:2.9.0] AndroidManifest.xml:36:17-49
201            <meta-data
201-->[androidx.emoji2:emoji2:1.3.0] AndroidManifest.xml:29:13-31:52
202                android:name="androidx.emoji2.text.EmojiCompatInitializer"
202-->[androidx.emoji2:emoji2:1.3.0] AndroidManifest.xml:30:17-75
203                android:value="androidx.startup" />
203-->[androidx.emoji2:emoji2:1.3.0] AndroidManifest.xml:31:17-49
204            <meta-data
204-->[androidx.lifecycle:lifecycle-process:2.6.2] AndroidManifest.xml:29:13-31:52
205                android:name="androidx.lifecycle.ProcessLifecycleInitializer"
205-->[androidx.lifecycle:lifecycle-process:2.6.2] AndroidManifest.xml:30:17-78
206                android:value="androidx.startup" />
206-->[androidx.lifecycle:lifecycle-process:2.6.2] AndroidManifest.xml:31:17-49
207            <meta-data
207-->[androidx.profileinstaller:profileinstaller:1.4.0] AndroidManifest.xml:29:13-31:52
208                android:name="androidx.profileinstaller.ProfileInstallerInitializer"
208-->[androidx.profileinstaller:profileinstaller:1.4.0] AndroidManifest.xml:30:17-85
209                android:value="androidx.startup" />
209-->[androidx.profileinstaller:profileinstaller:1.4.0] AndroidManifest.xml:31:17-49
210        </provider>
211
212        <service
212-->[androidx.work:work-runtime:2.9.0] AndroidManifest.xml:39:9-45:35
213            android:name="androidx.work.impl.background.systemalarm.SystemAlarmService"
213-->[androidx.work:work-runtime:2.9.0] AndroidManifest.xml:40:13-88
214            android:directBootAware="false"
214-->[androidx.work:work-runtime:2.9.0] AndroidManifest.xml:41:13-44
215            android:enabled="@bool/enable_system_alarm_service_default"
215-->[androidx.work:work-runtime:2.9.0] AndroidManifest.xml:42:13-72
216            android:exported="false" />
216-->[androidx.work:work-runtime:2.9.0] AndroidManifest.xml:43:13-37
217        <service
217-->[androidx.work:work-runtime:2.9.0] AndroidManifest.xml:46:9-52:35
218            android:name="androidx.work.impl.background.systemjob.SystemJobService"
218-->[androidx.work:work-runtime:2.9.0] AndroidManifest.xml:47:13-84
219            android:directBootAware="false"
219-->[androidx.work:work-runtime:2.9.0] AndroidManifest.xml:48:13-44
220            android:enabled="@bool/enable_system_job_service_default"
220-->[androidx.work:work-runtime:2.9.0] AndroidManifest.xml:49:13-70
221            android:exported="true"
221-->[androidx.work:work-runtime:2.9.0] AndroidManifest.xml:50:13-36
222            android:permission="android.permission.BIND_JOB_SERVICE" />
222-->[androidx.work:work-runtime:2.9.0] AndroidManifest.xml:51:13-69
223        <service
223-->[androidx.work:work-runtime:2.9.0] AndroidManifest.xml:53:9-59:35
224            android:name="androidx.work.impl.foreground.SystemForegroundService"
224-->[androidx.work:work-runtime:2.9.0] AndroidManifest.xml:54:13-81
225            android:directBootAware="false"
225-->[androidx.work:work-runtime:2.9.0] AndroidManifest.xml:55:13-44
226            android:enabled="@bool/enable_system_foreground_service_default"
226-->[androidx.work:work-runtime:2.9.0] AndroidManifest.xml:56:13-77
227            android:exported="false" />
227-->[androidx.work:work-runtime:2.9.0] AndroidManifest.xml:57:13-37
228
229        <receiver
229-->[androidx.work:work-runtime:2.9.0] AndroidManifest.xml:61:9-66:35
230            android:name="androidx.work.impl.utils.ForceStopRunnable$BroadcastReceiver"
230-->[androidx.work:work-runtime:2.9.0] AndroidManifest.xml:62:13-88
231            android:directBootAware="false"
231-->[androidx.work:work-runtime:2.9.0] AndroidManifest.xml:63:13-44
232            android:enabled="true"
232-->[androidx.work:work-runtime:2.9.0] AndroidManifest.xml:64:13-35
233            android:exported="false" />
233-->[androidx.work:work-runtime:2.9.0] AndroidManifest.xml:65:13-37
234        <receiver
234-->[androidx.work:work-runtime:2.9.0] AndroidManifest.xml:67:9-77:20
235            android:name="androidx.work.impl.background.systemalarm.ConstraintProxy$BatteryChargingProxy"
235-->[androidx.work:work-runtime:2.9.0] AndroidManifest.xml:68:13-106
236            android:directBootAware="false"
236-->[androidx.work:work-runtime:2.9.0] AndroidManifest.xml:69:13-44
237            android:enabled="false"
237-->[androidx.work:work-runtime:2.9.0] AndroidManifest.xml:70:13-36
238            android:exported="false" >
238-->[androidx.work:work-runtime:2.9.0] AndroidManifest.xml:71:13-37
239            <intent-filter>
239-->[androidx.work:work-runtime:2.9.0] AndroidManifest.xml:73:13-76:29
240                <action android:name="android.intent.action.ACTION_POWER_CONNECTED" />
240-->[androidx.work:work-runtime:2.9.0] AndroidManifest.xml:74:17-87
240-->[androidx.work:work-runtime:2.9.0] AndroidManifest.xml:74:25-84
241                <action android:name="android.intent.action.ACTION_POWER_DISCONNECTED" />
241-->[androidx.work:work-runtime:2.9.0] AndroidManifest.xml:75:17-90
241-->[androidx.work:work-runtime:2.9.0] AndroidManifest.xml:75:25-87
242            </intent-filter>
243        </receiver>
244        <receiver
244-->[androidx.work:work-runtime:2.9.0] AndroidManifest.xml:78:9-88:20
245            android:name="androidx.work.impl.background.systemalarm.ConstraintProxy$BatteryNotLowProxy"
245-->[androidx.work:work-runtime:2.9.0] AndroidManifest.xml:79:13-104
246            android:directBootAware="false"
246-->[androidx.work:work-runtime:2.9.0] AndroidManifest.xml:80:13-44
247            android:enabled="false"
247-->[androidx.work:work-runtime:2.9.0] AndroidManifest.xml:81:13-36
248            android:exported="false" >
248-->[androidx.work:work-runtime:2.9.0] AndroidManifest.xml:82:13-37
249            <intent-filter>
249-->[androidx.work:work-runtime:2.9.0] AndroidManifest.xml:84:13-87:29
250                <action android:name="android.intent.action.BATTERY_OKAY" />
250-->[androidx.work:work-runtime:2.9.0] AndroidManifest.xml:85:17-77
250-->[androidx.work:work-runtime:2.9.0] AndroidManifest.xml:85:25-74
251                <action android:name="android.intent.action.BATTERY_LOW" />
251-->[androidx.work:work-runtime:2.9.0] AndroidManifest.xml:86:17-76
251-->[androidx.work:work-runtime:2.9.0] AndroidManifest.xml:86:25-73
252            </intent-filter>
253        </receiver>
254        <receiver
254-->[androidx.work:work-runtime:2.9.0] AndroidManifest.xml:89:9-99:20
255            android:name="androidx.work.impl.background.systemalarm.ConstraintProxy$StorageNotLowProxy"
255-->[androidx.work:work-runtime:2.9.0] AndroidManifest.xml:90:13-104
256            android:directBootAware="false"
256-->[androidx.work:work-runtime:2.9.0] AndroidManifest.xml:91:13-44
257            android:enabled="false"
257-->[androidx.work:work-runtime:2.9.0] AndroidManifest.xml:92:13-36
258            android:exported="false" >